Copyright 1986-2022 Xilinx, Inc. All Rights Reserved. Copyright 2022-2025 Advanced Micro Devices, Inc. All Rights Reserved.
---------------------------------------------------------------------------------------------------------------------------------------------
| Tool Version : Vivado v.2025.2 (win64) Build 6299465 Fri Nov 14 19:35:11 GMT 2025
| Date         : Sun May 10 17:04:38 2026
| Host         : Stradale running 64-bit major release  (build 9200)
| Command      : report_drc -file design_1_wrapper_drc_opted.rpt -pb design_1_wrapper_drc_opted.pb -rpx design_1_wrapper_drc_opted.rpx
| Design       : design_1_wrapper
| Device       : xc7a35tcpg236-1
| Speed File   : -1
| Design State : Synthesized
---------------------------------------------------------------------------------------------------------------------------------------------

Report DRC

Table of Contents
-----------------
1. REPORT SUMMARY
2. REPORT DETAILS

1. REPORT SUMMARY
-----------------
            Netlist: netlist
          Floorplan: design_1
      Design limits: <entire design considered>
           Ruledeck: default
             Max checks: <unlimited>
             Checks found: 24
+----------+------------------+-----------------------------------------------------+--------+
| Rule     | Severity         | Description                                         | Checks |
+----------+------------------+-----------------------------------------------------+--------+
| NSTD-1   | Critical Warning | Unspecified I/O Standard                            | 1      |
| UCIO-1   | Critical Warning | Unconstrained Logical Port                          | 1      |
| CFGBVS-1 | Warning          | Missing CFGBVS and CONFIG_VOLTAGE Design Properties | 1      |
| DPIP-1   | Warning          | Input pipelining                                    | 9      |
| DPOP-1   | Warning          | PREG Output pipelining                              | 4      |
| DPOP-2   | Warning          | MREG Output pipelining                              | 3      |
| RPBF-3   | Warning          | IO port buffering is incomplete                     | 5      |
+----------+------------------+-----------------------------------------------------+--------+

2. REPORT DETAILS
-----------------
NSTD-1#1 Critical Warning
Unspecified I/O Standard  
9 out of 10 logical ports use I/O standard (IOSTANDARD) value 'DEFAULT', instead of a user assigned specific value. This may cause I/O contention or incompatibility with the board power or connectivity affecting performance, signal integrity or in extreme cases cause damage to the device or the components to which it is connected. To correct this violation, specify all I/O standards. This design will fail to generate a bitstream unless all logical ports have a user specified I/O standard value defined. To allow bitstream creation with unspecified I/O standard values (not recommended), use this command: set_property SEVERITY {Warning} [get_drc_checks NSTD-1].  NOTE: When using the Vivado Runs infrastructure (e.g. launch_runs Tcl command), add this command to a .tcl file and add that file as a pre-hook for write_bitstream step for the implementation run. Problem ports: I2C_SCL_0, I2C_SDA_0, QSPI_CS_0, QSPI_IO0_0, QSPI_IO1_0, QSPI_IO2_0,
QSPI_IO3_0, QSPI_SCLK_0, sys_clk_in.
Related violations: <none>

UCIO-1#1 Critical Warning
Unconstrained Logical Port  
9 out of 10 logical ports have no user assigned specific location constraint (LOC). This may cause I/O contention or incompatibility with the board power or connectivity affecting performance, signal integrity or in extreme cases cause damage to the device or the components to which it is connected. To correct this violation, specify all pin locations. This design will fail to generate a bitstream unless all logical ports have a user specified site LOC constraint defined.  To allow bitstream creation with unspecified pin locations (not recommended), use this command: set_property SEVERITY {Warning} [get_drc_checks UCIO-1].  NOTE: When using the Vivado Runs infrastructure (e.g. launch_runs Tcl command), add this command to a .tcl file and add that file as a pre-hook for write_bitstream step for the implementation run.  Problem ports: I2C_SCL_0, I2C_SDA_0, QSPI_CS_0, QSPI_IO0_0, QSPI_IO1_0, QSPI_IO2_0,
QSPI_IO3_0, QSPI_SCLK_0, sys_clk_in.
Related violations: <none>

CFGBVS-1#1 Warning
Missing CFGBVS and CONFIG_VOLTAGE Design Properties  
Neither the CFGBVS nor CONFIG_VOLTAGE voltage property is set in the current_design.  Configuration bank voltage select (CFGBVS) must be set to VCCO or GND, and CONFIG_VOLTAGE must be set to the correct configuration voltage, in order to determine the I/O voltage support for the pins in bank 0.  It is suggested to specify these either using the 'Edit Device Properties' function in the GUI or directly in the XDC file using the following syntax:

 set_property CFGBVS value1 [current_design]
 #where value1 is either VCCO or GND

 set_property CONFIG_VOLTAGE value2 [current_design]
 #where value2 is the voltage provided to configuration bank 0

Refer to the device configuration user guide for more information.
Related violations: <none>

DPIP-1#1 Warning
Input pipelining  
DSP design_1_i/cv32e40p_obi_to_axi_0/inst/CORE/core_i/ex_stage_i/mult_i/int_result0 input design_1_i/cv32e40p_obi_to_axi_0/inst/CORE/core_i/ex_stage_i/mult_i/int_result0/A[29:0] is not pipelined. Pipelining DSP48 input will improve performance.
Related violations: <none>

DPIP-1#2 Warning
Input pipelining  
DSP design_1_i/cv32e40p_obi_to_axi_0/inst/CORE/core_i/ex_stage_i/mult_i/int_result0 input design_1_i/cv32e40p_obi_to_axi_0/inst/CORE/core_i/ex_stage_i/mult_i/int_result0/B[17:0] is not pipelined. Pipelining DSP48 input will improve performance.
Related violations: <none>

DPIP-1#3 Warning
Input pipelining  
DSP design_1_i/cv32e40p_obi_to_axi_0/inst/CORE/core_i/ex_stage_i/mult_i/int_result0__0 input design_1_i/cv32e40p_obi_to_axi_0/inst/CORE/core_i/ex_stage_i/mult_i/int_result0__0/A[29:0] is not pipelined. Pipelining DSP48 input will improve performance.
Related violations: <none>

DPIP-1#4 Warning
Input pipelining  
DSP design_1_i/cv32e40p_obi_to_axi_0/inst/CORE/core_i/ex_stage_i/mult_i/int_result0__0 input design_1_i/cv32e40p_obi_to_axi_0/inst/CORE/core_i/ex_stage_i/mult_i/int_result0__0/B[17:0] is not pipelined. Pipelining DSP48 input will improve performance.
Related violations: <none>

DPIP-1#5 Warning
Input pipelining  
DSP design_1_i/cv32e40p_obi_to_axi_0/inst/CORE/core_i/ex_stage_i/mult_i/int_result0__1 input design_1_i/cv32e40p_obi_to_axi_0/inst/CORE/core_i/ex_stage_i/mult_i/int_result0__1/A[29:0] is not pipelined. Pipelining DSP48 input will improve performance.
Related violations: <none>

DPIP-1#6 Warning
Input pipelining  
DSP design_1_i/cv32e40p_obi_to_axi_0/inst/CORE/core_i/ex_stage_i/mult_i/int_result0__1 input design_1_i/cv32e40p_obi_to_axi_0/inst/CORE/core_i/ex_stage_i/mult_i/int_result0__1/B[17:0] is not pipelined. Pipelining DSP48 input will improve performance.
Related violations: <none>

DPIP-1#7 Warning
Input pipelining  
DSP design_1_i/cv32e40p_obi_to_axi_0/inst/CORE/core_i/ex_stage_i/mult_i/short_mac input design_1_i/cv32e40p_obi_to_axi_0/inst/CORE/core_i/ex_stage_i/mult_i/short_mac/C[47:0] is not pipelined. Pipelining DSP48 input will improve performance.
Related violations: <none>

DPIP-1#8 Warning
Input pipelining  
DSP design_1_i/cv32e40p_obi_to_axi_0/inst/CORE/core_i/ex_stage_i/mult_i/short_mul input design_1_i/cv32e40p_obi_to_axi_0/inst/CORE/core_i/ex_stage_i/mult_i/short_mul/A[29:0] is not pipelined. Pipelining DSP48 input will improve performance.
Related violations: <none>

DPIP-1#9 Warning
Input pipelining  
DSP design_1_i/cv32e40p_obi_to_axi_0/inst/CORE/core_i/ex_stage_i/mult_i/short_mul input design_1_i/cv32e40p_obi_to_axi_0/inst/CORE/core_i/ex_stage_i/mult_i/short_mul/B[17:0] is not pipelined. Pipelining DSP48 input will improve performance.
Related violations: <none>

DPOP-1#1 Warning
PREG Output pipelining  
DSP design_1_i/cv32e40p_obi_to_axi_0/inst/CORE/core_i/ex_stage_i/mult_i/int_result0 output design_1_i/cv32e40p_obi_to_axi_0/inst/CORE/core_i/ex_stage_i/mult_i/int_result0/P[47:0] is not pipelined (PREG=0). Pipelining the DSP48 output will improve performance and often saves power so it is suggested whenever possible to fully pipeline this function.  If this DSP48 function was inferred, it is suggested to describe an additional register stage after this function.  If the DSP48 was instantiated in the design, it is suggested to set the PREG attribute to 1.
Related violations: <none>

DPOP-1#2 Warning
PREG Output pipelining  
DSP design_1_i/cv32e40p_obi_to_axi_0/inst/CORE/core_i/ex_stage_i/mult_i/int_result0__0 output design_1_i/cv32e40p_obi_to_axi_0/inst/CORE/core_i/ex_stage_i/mult_i/int_result0__0/P[47:0] is not pipelined (PREG=0). Pipelining the DSP48 output will improve performance and often saves power so it is suggested whenever possible to fully pipeline this function.  If this DSP48 function was inferred, it is suggested to describe an additional register stage after this function.  If the DSP48 was instantiated in the design, it is suggested to set the PREG attribute to 1.
Related violations: <none>

DPOP-1#3 Warning
PREG Output pipelining  
DSP design_1_i/cv32e40p_obi_to_axi_0/inst/CORE/core_i/ex_stage_i/mult_i/int_result0__1 output design_1_i/cv32e40p_obi_to_axi_0/inst/CORE/core_i/ex_stage_i/mult_i/int_result0__1/P[47:0] is not pipelined (PREG=0). Pipelining the DSP48 output will improve performance and often saves power so it is suggested whenever possible to fully pipeline this function.  If this DSP48 function was inferred, it is suggested to describe an additional register stage after this function.  If the DSP48 was instantiated in the design, it is suggested to set the PREG attribute to 1.
Related violations: <none>

DPOP-1#4 Warning
PREG Output pipelining  
DSP design_1_i/cv32e40p_obi_to_axi_0/inst/CORE/core_i/ex_stage_i/mult_i/short_mac output design_1_i/cv32e40p_obi_to_axi_0/inst/CORE/core_i/ex_stage_i/mult_i/short_mac/P[47:0] is not pipelined (PREG=0). Pipelining the DSP48 output will improve performance and often saves power so it is suggested whenever possible to fully pipeline this function.  If this DSP48 function was inferred, it is suggested to describe an additional register stage after this function.  If the DSP48 was instantiated in the design, it is suggested to set the PREG attribute to 1.
Related violations: <none>

DPOP-2#1 Warning
MREG Output pipelining  
DSP design_1_i/cv32e40p_obi_to_axi_0/inst/CORE/core_i/ex_stage_i/mult_i/int_result0 multiplier stage design_1_i/cv32e40p_obi_to_axi_0/inst/CORE/core_i/ex_stage_i/mult_i/int_result0/P[47:0] is not pipelined (MREG=0). Pipelining the multiplier function will improve performance and will save significant power so it is suggested whenever possible to fully pipeline this function.  If this multiplier was inferred, it is suggested to describe an additional register stage after this function.  If there is no registered adder/accumulator following the multiply function, two pipeline stages are suggested to allow both the MREG and PREG registers to be used.  If the DSP48 was instantiated in the design, it is suggested to set both the MREG and PREG attributes to 1 when performing multiply functions.
Related violations: <none>

DPOP-2#2 Warning
MREG Output pipelining  
DSP design_1_i/cv32e40p_obi_to_axi_0/inst/CORE/core_i/ex_stage_i/mult_i/int_result0__0 multiplier stage design_1_i/cv32e40p_obi_to_axi_0/inst/CORE/core_i/ex_stage_i/mult_i/int_result0__0/P[47:0] is not pipelined (MREG=0). Pipelining the multiplier function will improve performance and will save significant power so it is suggested whenever possible to fully pipeline this function.  If this multiplier was inferred, it is suggested to describe an additional register stage after this function.  If there is no registered adder/accumulator following the multiply function, two pipeline stages are suggested to allow both the MREG and PREG registers to be used.  If the DSP48 was instantiated in the design, it is suggested to set both the MREG and PREG attributes to 1 when performing multiply functions.
Related violations: <none>

DPOP-2#3 Warning
MREG Output pipelining  
DSP design_1_i/cv32e40p_obi_to_axi_0/inst/CORE/core_i/ex_stage_i/mult_i/int_result0__1 multiplier stage design_1_i/cv32e40p_obi_to_axi_0/inst/CORE/core_i/ex_stage_i/mult_i/int_result0__1/P[47:0] is not pipelined (MREG=0). Pipelining the multiplier function will improve performance and will save significant power so it is suggested whenever possible to fully pipeline this function.  If this multiplier was inferred, it is suggested to describe an additional register stage after this function.  If there is no registered adder/accumulator following the multiply function, two pipeline stages are suggested to allow both the MREG and PREG registers to be used.  If the DSP48 was instantiated in the design, it is suggested to set both the MREG and PREG attributes to 1 when performing multiply functions.
Related violations: <none>

RPBF-3#1 Warning
IO port buffering is incomplete  
Device port I2C_SDA_0 expects both input and output buffering but the buffers are incomplete.
Related violations: <none>

RPBF-3#2 Warning
IO port buffering is incomplete  
Device port QSPI_IO0_0 expects both input and output buffering but the buffers are incomplete.
Related violations: <none>

RPBF-3#3 Warning
IO port buffering is incomplete  
Device port QSPI_IO1_0 expects both input and output buffering but the buffers are incomplete.
Related violations: <none>

RPBF-3#4 Warning
IO port buffering is incomplete  
Device port QSPI_IO2_0 expects both input and output buffering but the buffers are incomplete.
Related violations: <none>

RPBF-3#5 Warning
IO port buffering is incomplete  
Device port QSPI_IO3_0 expects both input and output buffering but the buffers are incomplete.
Related violations: <none>


