Copyright 1986-2022 Xilinx, Inc. All Rights Reserved. Copyright 2022-2025 Advanced Micro Devices, Inc. All Rights Reserved.
---------------------------------------------------------------------------------------------------------------------------------------------
| Tool Version : Vivado v.2025.2 (win64) Build 6299465 Fri Nov 14 19:35:11 GMT 2025
| Date         : Sun May 10 17:05:04 2026
| Host         : Stradale running 64-bit major release  (build 9200)
| Command      : report_control_sets -verbose -file design_1_wrapper_control_sets_placed.rpt
| Design       : design_1_wrapper
| Device       : xc7a35t
---------------------------------------------------------------------------------------------------------------------------------------------

Control Set Information

Table of Contents
-----------------
1. Summary
2. Histogram
3. Flip-Flop Distribution
4. Detailed Control Set Information

1. Summary
----------

+----------------------------------------------------------+-------+
|                          Status                          | Count |
+----------------------------------------------------------+-------+
| Total control sets                                       |   150 |
|    Minimum number of control sets                        |   150 |
|    Addition due to synthesis replication                 |     0 |
|    Addition due to physical synthesis replication        |     0 |
| Unused register locations in slices containing registers |   151 |
+----------------------------------------------------------+-------+
* Control sets can be merged at opt_design using control_set_merge or merge_equivalent_drivers
** Run report_qor_suggestions for automated merging and remapping suggestions


2. Histogram
------------

+--------------------+-------+
|       Fanout       | Count |
+--------------------+-------+
| Total control sets |   150 |
| >= 0 to < 4        |     4 |
| >= 4 to < 6        |     9 |
| >= 6 to < 8        |    12 |
| >= 8 to < 10       |    13 |
| >= 10 to < 12      |     4 |
| >= 12 to < 14      |     0 |
| >= 14 to < 16      |     0 |
| >= 16              |   108 |
+--------------------+-------+
* Control sets can be remapped at either synth_design or opt_design


3. Flip-Flop Distribution
-------------------------

+--------------+-----------------------+------------------------+-----------------+--------------+
| Clock Enable | Synchronous Set/Reset | Asynchronous Set/Reset | Total Registers | Total Slices |
+--------------+-----------------------+------------------------+-----------------+--------------+
| No           | No                    | No                     |             153 |           75 |
| No           | No                    | Yes                    |             162 |           89 |
| No           | Yes                   | No                     |             140 |           72 |
| Yes          | No                    | No                     |             160 |           28 |
| Yes          | No                    | Yes                    |            3110 |         1382 |
| Yes          | Yes                   | No                     |             348 |          103 |
+--------------+-----------------------+------------------------+-----------------+--------------+


4. Detailed Control Set Information
-----------------------------------

+-------------------------------------+--------------------------------------------------------------------------------------------------------------------------------------------------+---------------------------------------------------------------------------------------------------------------------------------------------------------------------------+------------------+----------------+--------------+
|             Clock Signal            |                                                                   Enable Signal                                                                  |                                                                              Set/Reset Signal                                                                             | Slice Load Count | Bel Load Count | Bels / Slice |
+-------------------------------------+--------------------------------------------------------------------------------------------------------------------------------------------------+---------------------------------------------------------------------------------------------------------------------------------------------------------------------------+------------------+----------------+--------------+
|  design_1_i/clk_wiz_0/inst/clk_out1 | design_1_i/axi_bram_ctrl_0/U0/gext_inst.abcv4_0_ext_inst/GEN_AXI4.I_FULL_AXI/GEN_ARB.I_SNG_PORT/ar_active_re                                     | btn_reset_IBUF[0]                                                                                                                                                         |                1 |              1 |         1.00 |
|  design_1_i/clk_wiz_0/inst/clk_out1 | design_1_i/axi_bram_ctrl_3/U0/gext_inst.abcv4_0_ext_inst/GEN_AXI4.I_FULL_AXI/GEN_ARB.I_SNG_PORT/ar_active_re                                     | btn_reset_IBUF[0]                                                                                                                                                         |                1 |              1 |         1.00 |
|  design_1_i/clk_wiz_0/inst/clk_out1 | design_1_i/axi_bram_ctrl_1/U0/gext_inst.abcv4_0_ext_inst/GEN_AXI4.I_FULL_AXI/GEN_ARB.I_SNG_PORT/ar_active_re                                     | btn_reset_IBUF[0]                                                                                                                                                         |                1 |              1 |         1.00 |
|  design_1_i/clk_wiz_0/inst/clk_out1 | design_1_i/axi_bram_ctrl_2/U0/gext_inst.abcv4_0_ext_inst/GEN_AXI4.I_FULL_AXI/GEN_ARB.I_SNG_PORT/ar_active_re                                     | btn_reset_IBUF[0]                                                                                                                                                         |                1 |              1 |         1.00 |
|  design_1_i/clk_wiz_0/inst/clk_out1 | design_1_i/axi_bram_ctrl_1/U0/gext_inst.abcv4_0_ext_inst/GEN_AXI4.I_FULL_AXI/I_RD_CHNL/FSM_sequential_GEN_NO_RD_CMD_OPT.rd_data_sm_cs[3]_i_1_n_0 | btn_reset_IBUF[0]                                                                                                                                                         |                4 |              4 |         1.00 |
|  design_1_i/clk_wiz_0/inst/clk_out1 | design_1_i/axi_bram_ctrl_2/U0/gext_inst.abcv4_0_ext_inst/GEN_AXI4.I_FULL_AXI/I_RD_CHNL/FSM_sequential_GEN_NO_RD_CMD_OPT.rd_data_sm_cs[3]_i_1_n_0 | btn_reset_IBUF[0]                                                                                                                                                         |                4 |              4 |         1.00 |
|  design_1_i/clk_wiz_0/inst/clk_out1 | design_1_i/axi_bram_ctrl_3/U0/gext_inst.abcv4_0_ext_inst/GEN_AXI4.I_FULL_AXI/I_RD_CHNL/FSM_sequential_GEN_NO_RD_CMD_OPT.rd_data_sm_cs[3]_i_1_n_0 | btn_reset_IBUF[0]                                                                                                                                                         |                3 |              4 |         1.33 |
|  design_1_i/clk_wiz_0/inst/clk_out1 | design_1_i/axi_bram_ctrl_0/U0/gext_inst.abcv4_0_ext_inst/GEN_AXI4.I_FULL_AXI/I_RD_CHNL/FSM_sequential_GEN_NO_RD_CMD_OPT.rd_data_sm_cs[3]_i_1_n_0 | btn_reset_IBUF[0]                                                                                                                                                         |                3 |              4 |         1.33 |
|  design_1_i/clk_wiz_0/inst/clk_out1 | design_1_i/cv32e40p_obi_to_axi_0/inst/CORE/core_i/id_stage_i/controller_i/FSM_sequential_mulh_CS_reg[1][0]                                       | btn_reset_IBUF[0]                                                                                                                                                         |                1 |              5 |         5.00 |
|  design_1_i/clk_wiz_0/inst/clk_out1 | design_1_i/QSPI_Master_AXI4_Lite_0/inst/dummy_cycle[4]_i_1_n_0                                                                                   | btn_reset_IBUF[0]                                                                                                                                                         |                2 |              5 |         2.50 |
|  design_1_i/clk_wiz_0/inst/clk_out1 | design_1_i/cv32e40p_obi_to_axi_0/inst/CORE/core_i/ex_stage_i/mult_i/FSM_sequential_mulh_CS_reg[1]_5                                              | btn_reset_IBUF[0]                                                                                                                                                         |                2 |              5 |         2.50 |
|  design_1_i/clk_wiz_0/inst/clk_out1 | design_1_i/cv32e40p_obi_to_axi_0/inst/CORE/core_i/id_stage_i/regfile_we_ex_o_reg_2[0]                                                            | btn_reset_IBUF[0]                                                                                                                                                         |                2 |              5 |         2.50 |
|  design_1_i/clk_wiz_0/inst/clk_out1 | design_1_i/cv32e40p_obi_to_axi_0/inst/CORE/core_i/ex_stage_i/mult_i/E[0]                                                                         | btn_reset_IBUF[0]                                                                                                                                                         |                3 |              5 |         1.67 |
|  design_1_i/clk_wiz_0/inst/clk_out1 | design_1_i/cv32e40p_obi_to_axi_0/inst/CORE/core_i/load_store_unit_i/ctrl_update                                                                  | btn_reset_IBUF[0]                                                                                                                                                         |                4 |              6 |         1.50 |
|  design_1_i/clk_wiz_0/inst/clk_out1 | design_1_i/cv32e40p_obi_to_axi_0/inst/CORE/core_i/id_stage_i/controller_i/ctrl_fsm_cs_reg[1]_4[0]                                                | btn_reset_IBUF[0]                                                                                                                                                         |                4 |              6 |         1.50 |
|  design_1_i/clk_wiz_0/inst/clk_out1 | design_1_i/QSPI_Master_AXI4_Lite_0/inst/rx_wr_ptr[5]_i_1_n_0                                                                                     | btn_reset_IBUF[0]                                                                                                                                                         |                1 |              6 |         6.00 |
|  design_1_i/clk_wiz_0/inst/clk_out1 | design_1_i/QSPI_Master_AXI4_Lite_0/inst/rx_rd_ptr[5]_i_1_n_0                                                                                     | btn_reset_IBUF[0]                                                                                                                                                         |                2 |              6 |         3.00 |
|  design_1_i/clk_wiz_0/inst/clk_out1 | design_1_i/cv32e40p_obi_to_axi_0/inst/CORE/core_i/ex_stage_i/alu_i/alu_div_i/Cnt_DP[5]_i_1_n_0                                                   | btn_reset_IBUF[0]                                                                                                                                                         |                4 |              6 |         1.50 |
|  design_1_i/clk_wiz_0/inst/clk_out1 | design_1_i/QSPI_Master_AXI4_Lite_0/inst/shift_cnt[5]_i_1_n_0                                                                                     | btn_reset_IBUF[0]                                                                                                                                                         |                4 |              6 |         1.50 |
|  design_1_i/clk_wiz_0/inst/clk_out1 | design_1_i/QSPI_Master_AXI4_Lite_0/inst/tx_wr_ptr[5]_i_1_n_0                                                                                     | btn_reset_IBUF[0]                                                                                                                                                         |                2 |              6 |         3.00 |
|  design_1_i/clk_wiz_0/inst/clk_out1 | design_1_i/cv32e40p_obi_to_axi_0/inst/CORE/core_i/ex_stage_i/mult_i/FSM_sequential_mulh_CS_reg[1]_1[0]                                           | btn_reset_IBUF[0]                                                                                                                                                         |                3 |              6 |         2.00 |
|  design_1_i/clk_wiz_0/inst/clk_out1 | design_1_i/QSPI_Master_AXI4_Lite_0/inst/tx_rd_ptr[5]_i_1_n_0                                                                                     | btn_reset_IBUF[0]                                                                                                                                                         |                2 |              6 |         3.00 |
|  design_1_i/clk_wiz_0/inst/clk_out1 | design_1_i/QSPI_Master_AXI4_Lite_0/inst/fifo_rx_cnt[6]_i_1_n_0                                                                                   | btn_reset_IBUF[0]                                                                                                                                                         |                3 |              7 |         2.33 |
|  design_1_i/clk_wiz_0/inst/clk_out1 | design_1_i/QSPI_Master_AXI4_Lite_0/inst/fifo_tx_cnt[6]_i_1_n_0                                                                                   | btn_reset_IBUF[0]                                                                                                                                                         |                3 |              7 |         2.33 |
|  design_1_i/clk_wiz_0/inst/clk_out1 | design_1_i/QSPI_Master_AXI4_Lite_0/inst/shift_byte[31]_i_1_n_0                                                                                   | btn_reset_IBUF[0]                                                                                                                                                         |                4 |              7 |         1.75 |
|  design_1_i/clk_wiz_0/inst/clk_out1 | design_1_i/I2C_Master_AXI4_Lite_0/inst/I2C_RDR[31]_i_1_n_0                                                                                       | btn_reset_IBUF[0]                                                                                                                                                         |                1 |              8 |         8.00 |
|  design_1_i/clk_wiz_0/inst/clk_out1 | design_1_i/I2C_Master_AXI4_Lite_0/inst/I2C_RDR[7]_i_1_n_0                                                                                        | btn_reset_IBUF[0]                                                                                                                                                         |                2 |              8 |         4.00 |
|  design_1_i/clk_wiz_0/inst/clk_out1 | design_1_i/QSPI_Master_AXI4_Lite_0/inst/p_11_in                                                                                                  | btn_reset_IBUF[0]                                                                                                                                                         |                3 |              8 |         2.67 |
|  design_1_i/clk_wiz_0/inst/clk_out1 | design_1_i/I2C_Master_AXI4_Lite_0/inst/shift_byte[7]_i_1_n_0                                                                                     | btn_reset_IBUF[0]                                                                                                                                                         |                6 |              8 |         1.33 |
|  design_1_i/clk_wiz_0/inst/clk_out1 | design_1_i/I2C_Master_AXI4_Lite_0/inst/I2C_RDR[15]_i_1_n_0                                                                                       | btn_reset_IBUF[0]                                                                                                                                                         |                1 |              8 |         8.00 |
|  design_1_i/clk_wiz_0/inst/clk_out1 | design_1_i/axi_bram_ctrl_0/U0/gext_inst.abcv4_0_ext_inst/GEN_AXI4.I_FULL_AXI/I_RD_CHNL/GEN_NO_RD_CMD_OPT.brst_cnt[7]_i_1_n_0                     | btn_reset_IBUF[0]                                                                                                                                                         |                3 |              8 |         2.67 |
|  design_1_i/clk_wiz_0/inst/clk_out1 | design_1_i/QSPI_Master_AXI4_Lite_0/inst/shift_byte[7]_i_1_n_0                                                                                    | btn_reset_IBUF[0]                                                                                                                                                         |                4 |              8 |         2.00 |
|  design_1_i/clk_wiz_0/inst/clk_out1 | design_1_i/axi_bram_ctrl_3/U0/gext_inst.abcv4_0_ext_inst/GEN_AXI4.I_FULL_AXI/I_RD_CHNL/GEN_NO_RD_CMD_OPT.brst_cnt[7]_i_1_n_0                     | btn_reset_IBUF[0]                                                                                                                                                         |                3 |              8 |         2.67 |
|  design_1_i/clk_wiz_0/inst/clk_out1 | design_1_i/I2C_Master_AXI4_Lite_0/inst/I2C_RDR[23]_i_1_n_0                                                                                       | btn_reset_IBUF[0]                                                                                                                                                         |                1 |              8 |         8.00 |
|  design_1_i/clk_wiz_0/inst/clk_out1 | design_1_i/axi_bram_ctrl_1/U0/gext_inst.abcv4_0_ext_inst/GEN_AXI4.I_FULL_AXI/I_RD_CHNL/GEN_NO_RD_CMD_OPT.brst_cnt[7]_i_1_n_0                     | btn_reset_IBUF[0]                                                                                                                                                         |                4 |              8 |         2.00 |
|  design_1_i/clk_wiz_0/inst/clk_out1 | design_1_i/QSPI_Master_AXI4_Lite_0/inst/data_byte_size[7]_i_1_n_0                                                                                | btn_reset_IBUF[0]                                                                                                                                                         |                4 |              8 |         2.00 |
|  design_1_i/clk_wiz_0/inst/clk_out1 | design_1_i/QSPI_Master_AXI4_Lite_0/inst/instr_shadow[7]_i_1_n_0                                                                                  | btn_reset_IBUF[0]                                                                                                                                                         |                2 |              8 |         4.00 |
|  design_1_i/clk_wiz_0/inst/clk_out1 | design_1_i/axi_bram_ctrl_2/U0/gext_inst.abcv4_0_ext_inst/GEN_AXI4.I_FULL_AXI/I_RD_CHNL/GEN_NO_RD_CMD_OPT.brst_cnt[7]_i_1_n_0                     | btn_reset_IBUF[0]                                                                                                                                                         |                3 |              8 |         2.67 |
|  design_1_i/clk_wiz_0/inst/clk_out1 | design_1_i/axi_bram_ctrl_3/U0/gext_inst.abcv4_0_ext_inst/GEN_AXI4.I_FULL_AXI/I_RD_CHNL/GEN_NO_RD_CMD_OPT.I_WRAP_BRST/p_0_in_0[0]                 | design_1_i/axi_bram_ctrl_3/U0/gext_inst.abcv4_0_ext_inst/GEN_AXI4.I_FULL_AXI/I_WR_CHNL/I_WRAP_BRST/FSM_onehot_GEN_WDATA_SM_NO_ECC_SNG_REG_WREADY.wr_data_sng_sm_cs_reg[2] |                4 |             10 |         2.50 |
|  design_1_i/clk_wiz_0/inst/clk_out1 | design_1_i/axi_bram_ctrl_2/U0/gext_inst.abcv4_0_ext_inst/GEN_AXI4.I_FULL_AXI/I_RD_CHNL/GEN_NO_RD_CMD_OPT.I_WRAP_BRST/p_0_in_0[0]                 | design_1_i/axi_bram_ctrl_2/U0/gext_inst.abcv4_0_ext_inst/GEN_AXI4.I_FULL_AXI/I_WR_CHNL/I_WRAP_BRST/FSM_onehot_GEN_WDATA_SM_NO_ECC_SNG_REG_WREADY.wr_data_sng_sm_cs_reg[2] |                4 |             10 |         2.50 |
|  design_1_i/clk_wiz_0/inst/clk_out1 | design_1_i/axi_bram_ctrl_1/U0/gext_inst.abcv4_0_ext_inst/GEN_AXI4.I_FULL_AXI/I_RD_CHNL/GEN_NO_RD_CMD_OPT.I_WRAP_BRST/p_0_in_0[0]                 | design_1_i/axi_bram_ctrl_1/U0/gext_inst.abcv4_0_ext_inst/GEN_AXI4.I_FULL_AXI/I_WR_CHNL/I_WRAP_BRST/FSM_onehot_GEN_WDATA_SM_NO_ECC_SNG_REG_WREADY.wr_data_sng_sm_cs_reg[2] |                6 |             10 |         1.67 |
|  design_1_i/clk_wiz_0/inst/clk_out1 | design_1_i/axi_bram_ctrl_0/U0/gext_inst.abcv4_0_ext_inst/GEN_AXI4.I_FULL_AXI/I_RD_CHNL/GEN_NO_RD_CMD_OPT.I_WRAP_BRST/p_0_in_0[0]                 | design_1_i/axi_bram_ctrl_0/U0/gext_inst.abcv4_0_ext_inst/GEN_AXI4.I_FULL_AXI/I_WR_CHNL/I_WRAP_BRST/FSM_onehot_GEN_WDATA_SM_NO_ECC_SNG_REG_WREADY.wr_data_sng_sm_cs_reg[2] |                4 |             10 |         2.50 |
|  design_1_i/clk_wiz_0/inst/clk_out1 | design_1_i/cv32e40p_obi_to_axi_0/inst/CORE/core_i/id_stage_i/csr_op_ex_o_reg[1]_0[0]                                                             | btn_reset_IBUF[0]                                                                                                                                                         |                7 |             16 |         2.29 |
|  design_1_i/clk_wiz_0/inst/clk_out1 | design_1_i/QSPI_Master_AXI4_Lite_0/inst/shift_byte[24]_i_1_n_0                                                                                   | btn_reset_IBUF[0]                                                                                                                                                         |                9 |             17 |         1.89 |
|  design_1_i/clk_wiz_0/inst/clk_out1 | design_1_i/cv32e40p_obi_to_axi_0/inst/CORE/core_i/id_stage_i/controller_i/E[0]                                                                   | btn_reset_IBUF[0]                                                                                                                                                         |                7 |             18 |         2.57 |
|  design_1_i/clk_wiz_0/inst/clk_out1 | design_1_i/cv32e40p_obi_to_axi_0/inst/CORE/core_i/id_stage_i/alu_operand_b_ex_o_reg[3]_1[0]                                                      | btn_reset_IBUF[0]                                                                                                                                                         |                9 |             19 |         2.11 |
|  design_1_i/clk_wiz_0/inst/clk_out1 | design_1_i/cv32e40p_obi_to_axi_0/inst/CORE/core_i/id_stage_i/controller_i/illegal_insn_q_reg_1[0]                                                | btn_reset_IBUF[0]                                                                                                                                                         |                7 |             24 |         3.43 |
|  design_1_i/clk_wiz_0/inst/clk_out1 | design_1_i/cv32e40p_obi_to_axi_0/inst/instr_bridge/i_fifo_rsp_mux/E[0]                                                                           | btn_reset_IBUF[0]                                                                                                                                                         |               12 |             27 |         2.25 |
|  design_1_i/clk_wiz_0/inst/clk_out1 | design_1_i/I2C_Master_AXI4_Lite_0/inst/I2C_CFG[31]_i_1_n_0                                                                                       | btn_reset_IBUF[0]                                                                                                                                                         |                9 |             28 |         3.11 |
|  design_1_i/clk_wiz_0/inst/clk_out1 | design_1_i/cv32e40p_obi_to_axi_0/inst/CORE/core_i/if_stage_i/prefetch_buffer_i/instruction_obi_i/E[0]                                            | btn_reset_IBUF[0]                                                                                                                                                         |               13 |             30 |         2.31 |
|  design_1_i/clk_wiz_0/inst/clk_out1 | design_1_i/cv32e40p_obi_to_axi_0/inst/CORE/core_i/id_stage_i/controller_i/ctrl_fsm_cs_reg[1]_5[0]                                                | btn_reset_IBUF[0]                                                                                                                                                         |               15 |             31 |         2.07 |
|  design_1_i/clk_wiz_0/inst/clk_out1 | design_1_i/cv32e40p_obi_to_axi_0/inst/CORE/core_i/if_stage_i/aligner_i/pc_q[0]                                                                   | btn_reset_IBUF[0]                                                                                                                                                         |               13 |             31 |         2.38 |
|  design_1_i/clk_wiz_0/inst/clk_out1 | design_1_i/cv32e40p_obi_to_axi_0/inst/CORE/core_i/id_stage_i/controller_i/csr_op_ex_o_reg[0]_0[0]                                                | btn_reset_IBUF[0]                                                                                                                                                         |               15 |             31 |         2.07 |
|  design_1_i/clk_wiz_0/inst/clk_out1 | design_1_i/QSPI_Master_AXI4_Lite_0/inst/QSPI_DR_read[31]_i_1_n_0                                                                                 |                                                                                                                                                                           |                6 |             32 |         5.33 |
|  design_1_i/clk_wiz_0/inst/clk_out1 | design_1_i/axi_bram_ctrl_3/U0/gext_inst.abcv4_0_ext_inst/GEN_AXI4.I_FULL_AXI/I_RD_CHNL/rd_skid_buf_ld                                            | btn_reset_IBUF[0]                                                                                                                                                         |                6 |             32 |         5.33 |
|  design_1_i/clk_wiz_0/inst/clk_out1 | design_1_i/axi_bram_ctrl_1/U0/gext_inst.abcv4_0_ext_inst/GEN_AXI4.I_FULL_AXI/I_RD_CHNL/rd_skid_buf_ld                                            | btn_reset_IBUF[0]                                                                                                                                                         |                8 |             32 |         4.00 |
|  design_1_i/clk_wiz_0/inst/clk_out1 | design_1_i/axi_bram_ctrl_1/U0/gext_inst.abcv4_0_ext_inst/GEN_AXI4.I_FULL_AXI/I_RD_CHNL/axi_rdata_en                                              | design_1_i/axi_bram_ctrl_1/U0/gext_inst.abcv4_0_ext_inst/GEN_AXI4.I_FULL_AXI/I_RD_CHNL/GEN_NO_RD_CMD_OPT.GEN_RID_SNG.axi_rid_int[3]_i_1_n_0                               |                6 |             32 |         5.33 |
|  design_1_i/clk_wiz_0/inst/clk_out1 | design_1_i/axi_bram_ctrl_3/U0/gext_inst.abcv4_0_ext_inst/GEN_AXI4.I_FULL_AXI/I_RD_CHNL/axi_rdata_en                                              | design_1_i/axi_bram_ctrl_3/U0/gext_inst.abcv4_0_ext_inst/GEN_AXI4.I_FULL_AXI/I_RD_CHNL/GEN_NO_RD_CMD_OPT.GEN_RID_SNG.axi_rid_int[3]_i_1_n_0                               |                4 |             32 |         8.00 |
|  design_1_i/clk_wiz_0/inst/clk_out1 | design_1_i/cv32e40p_obi_to_axi_0/inst/CORE/core_i/id_stage_i/gen_mcountinhibit[0].gen_implemented.mcountinhibit_q_reg[0][0]                      | btn_reset_IBUF[0]                                                                                                                                                         |               14 |             32 |         2.29 |
|  design_1_i/clk_wiz_0/inst/clk_out1 | design_1_i/cv32e40p_obi_to_axi_0/inst/CORE/core_i/id_stage_i/gen_mcountinhibit[0].gen_implemented.mcountinhibit_q_reg[0][1]                      | btn_reset_IBUF[0]                                                                                                                                                         |                9 |             32 |         3.56 |
|  design_1_i/clk_wiz_0/inst/clk_out1 | design_1_i/cv32e40p_obi_to_axi_0/inst/CORE/core_i/id_stage_i/mhpmevent_minstret_o_reg_0[0]                                                       | btn_reset_IBUF[0]                                                                                                                                                         |               14 |             32 |         2.29 |
|  design_1_i/clk_wiz_0/inst/clk_out1 | design_1_i/cv32e40p_obi_to_axi_0/inst/CORE/core_i/id_stage_i/mhpmevent_minstret_o_reg_0[1]                                                       | btn_reset_IBUF[0]                                                                                                                                                         |               12 |             32 |         2.67 |
|  design_1_i/clk_wiz_0/inst/clk_out1 | design_1_i/axi_bram_ctrl_3/U0/gext_inst.abcv4_0_ext_inst/GEN_AXI4.I_FULL_AXI/I_WR_CHNL/GEN_WRDATA[31].bram_wrdata_int[31]_i_1_n_0                |                                                                                                                                                                           |                4 |             32 |         8.00 |
|  design_1_i/clk_wiz_0/inst/clk_out1 | design_1_i/axi_bram_ctrl_0/U0/gext_inst.abcv4_0_ext_inst/GEN_AXI4.I_FULL_AXI/I_RD_CHNL/axi_rdata_en                                              | design_1_i/axi_bram_ctrl_0/U0/gext_inst.abcv4_0_ext_inst/GEN_AXI4.I_FULL_AXI/I_RD_CHNL/GEN_NO_RD_CMD_OPT.GEN_RID_SNG.axi_rid_int[3]_i_1_n_0                               |                8 |             32 |         4.00 |
|  design_1_i/clk_wiz_0/inst/clk_out1 | design_1_i/I2C_Master_AXI4_Lite_0/inst/rdata[31]_i_1_n_0                                                                                         | btn_reset_IBUF[0]                                                                                                                                                         |               13 |             32 |         2.46 |
|  design_1_i/clk_wiz_0/inst/clk_out1 | design_1_i/I2C_Master_AXI4_Lite_0/inst/I2C_ADR[0]                                                                                                | btn_reset_IBUF[0]                                                                                                                                                         |                9 |             32 |         3.56 |
|  design_1_i/clk_wiz_0/inst/clk_out1 | design_1_i/I2C_Master_AXI4_Lite_0/inst/I2C_TDR[0]                                                                                                | btn_reset_IBUF[0]                                                                                                                                                         |                7 |             32 |         4.57 |
|  design_1_i/clk_wiz_0/inst/clk_out1 | design_1_i/axi_bram_ctrl_0/U0/gext_inst.abcv4_0_ext_inst/GEN_AXI4.I_FULL_AXI/I_RD_CHNL/rd_skid_buf_ld                                            | btn_reset_IBUF[0]                                                                                                                                                         |                8 |             32 |         4.00 |
|  design_1_i/clk_wiz_0/inst/clk_out1 | design_1_i/axi_bram_ctrl_0/U0/gext_inst.abcv4_0_ext_inst/GEN_AXI4.I_FULL_AXI/I_WR_CHNL/GEN_WRDATA[31].bram_wrdata_int[31]_i_1_n_0                |                                                                                                                                                                           |                7 |             32 |         4.57 |
|  design_1_i/clk_wiz_0/inst/clk_out1 | design_1_i/AXI4_Interconnect_0/axi_m3_arvalid                                                                                                    | btn_reset_IBUF[0]                                                                                                                                                         |               12 |             32 |         2.67 |
|  design_1_i/clk_wiz_0/inst/clk_out1 | design_1_i/AXI4_Interconnect_0/axi_m1_arvalid                                                                                                    | btn_reset_IBUF[0]                                                                                                                                                         |               18 |             32 |         1.78 |
|  design_1_i/clk_wiz_0/inst/clk_out1 | design_1_i/AXI4_Interconnect_0/axi_m0_arvalid                                                                                                    | btn_reset_IBUF[0]                                                                                                                                                         |               18 |             32 |         1.78 |
|  design_1_i/clk_wiz_0/inst/clk_out1 | design_1_i/Timer_module_1/inst/TIM_CLR[31]_i_1_n_0                                                                                               | btn_reset_IBUF[0]                                                                                                                                                         |               10 |             32 |         3.20 |
|  design_1_i/clk_wiz_0/inst/clk_out1 | design_1_i/Timer_module_1/inst/TIM_CNT[31]_i_1_n_0                                                                                               | btn_reset_IBUF[0]                                                                                                                                                         |               11 |             32 |         2.91 |
|  design_1_i/clk_wiz_0/inst/clk_out1 | design_1_i/Timer_module_1/inst/TIM_EVC[31]_i_1_n_0                                                                                               | btn_reset_IBUF[0]                                                                                                                                                         |               15 |             32 |         2.13 |
|  design_1_i/clk_wiz_0/inst/clk_out1 | design_1_i/Timer_module_1/inst/TIM_EVN[31]_i_1_n_0                                                                                               | btn_reset_IBUF[0]                                                                                                                                                         |               10 |             32 |         3.20 |
|  design_1_i/clk_wiz_0/inst/clk_out1 | design_1_i/Timer_module_1/inst/TIM_PRE[31]_i_1_n_0                                                                                               | btn_reset_IBUF[0]                                                                                                                                                         |               11 |             32 |         2.91 |
|  design_1_i/clk_wiz_0/inst/clk_out1 | design_1_i/Timer_module_1/inst/TIM_ARE_1[0]                                                                                                      | btn_reset_IBUF[0]                                                                                                                                                         |                9 |             32 |         3.56 |
|  design_1_i/clk_wiz_0/inst/clk_out1 | design_1_i/axi_bram_ctrl_2/U0/gext_inst.abcv4_0_ext_inst/GEN_AXI4.I_FULL_AXI/I_RD_CHNL/rd_skid_buf_ld                                            | btn_reset_IBUF[0]                                                                                                                                                         |                7 |             32 |         4.57 |
|  design_1_i/clk_wiz_0/inst/clk_out1 | design_1_i/Timer_module_0/inst/TIM_CLR[31]_i_1_n_0                                                                                               | btn_reset_IBUF[0]                                                                                                                                                         |               12 |             32 |         2.67 |
|  design_1_i/clk_wiz_0/inst/clk_out1 | design_1_i/Timer_module_0/inst/TIM_CNT[31]_i_1_n_0                                                                                               | btn_reset_IBUF[0]                                                                                                                                                         |               12 |             32 |         2.67 |
|  design_1_i/clk_wiz_0/inst/clk_out1 | design_1_i/Timer_module_0/inst/TIM_EVC[31]_i_1_n_0                                                                                               | btn_reset_IBUF[0]                                                                                                                                                         |               11 |             32 |         2.91 |
|  design_1_i/clk_wiz_0/inst/clk_out1 | design_1_i/Timer_module_0/inst/TIM_EVN[31]_i_1_n_0                                                                                               | btn_reset_IBUF[0]                                                                                                                                                         |                9 |             32 |         3.56 |
|  design_1_i/clk_wiz_0/inst/clk_out1 | design_1_i/Timer_module_0/inst/TIM_PRE[31]_i_1_n_0                                                                                               | btn_reset_IBUF[0]                                                                                                                                                         |               12 |             32 |         2.67 |
|  design_1_i/clk_wiz_0/inst/clk_out1 | design_1_i/Timer_module_0/inst/TIM_ARE_1[0]                                                                                                      | btn_reset_IBUF[0]                                                                                                                                                         |               10 |             32 |         3.20 |
|  design_1_i/clk_wiz_0/inst/clk_out1 | design_1_i/Timer_module_0/inst/TIM_ENA[0]                                                                                                        | btn_reset_IBUF[0]                                                                                                                                                         |               13 |             32 |         2.46 |
|  design_1_i/clk_wiz_0/inst/clk_out1 | design_1_i/Timer_module_0/inst/TIM_MOD[0]                                                                                                        | btn_reset_IBUF[0]                                                                                                                                                         |               12 |             32 |         2.67 |
|  design_1_i/clk_wiz_0/inst/clk_out1 | design_1_i/Timer_module_0/inst/TIM_PRE_m_0[0]                                                                                                    | btn_reset_IBUF[0]                                                                                                                                                         |               13 |             32 |         2.46 |
|  design_1_i/clk_wiz_0/inst/clk_out1 | design_1_i/axi_bram_ctrl_2/U0/gext_inst.abcv4_0_ext_inst/GEN_AXI4.I_FULL_AXI/I_RD_CHNL/axi_rdata_en                                              | design_1_i/axi_bram_ctrl_2/U0/gext_inst.abcv4_0_ext_inst/GEN_AXI4.I_FULL_AXI/I_RD_CHNL/GEN_NO_RD_CMD_OPT.GEN_RID_SNG.axi_rid_int[3]_i_1_n_0                               |                7 |             32 |         4.57 |
|  design_1_i/clk_wiz_0/inst/clk_out1 | design_1_i/cv32e40p_obi_to_axi_0/inst/CORE/core_i/if_stage_i/prefetch_buffer_i/fifo_i/mem_q[0]                                                   | btn_reset_IBUF[0]                                                                                                                                                         |               10 |             32 |         3.20 |
|  design_1_i/clk_wiz_0/inst/clk_out1 | design_1_i/cv32e40p_obi_to_axi_0/inst/CORE/core_i/if_stage_i/prefetch_buffer_i/fifo_i/mem_q[0][31]_i_1_n_0                                       | btn_reset_IBUF[0]                                                                                                                                                         |               10 |             32 |         3.20 |
|  design_1_i/clk_wiz_0/inst/clk_out1 | design_1_i/cv32e40p_obi_to_axi_0/inst/CORE/core_i/ex_stage_i/mult_i/FSM_sequential_mulh_CS_reg[1]_4[0]                                           | btn_reset_IBUF[0]                                                                                                                                                         |               15 |             32 |         2.13 |
|  design_1_i/clk_wiz_0/inst/clk_out1 | design_1_i/QSPI_Master_AXI4_Lite_0/inst/QSPI_CCR[0]                                                                                              | btn_reset_IBUF[0]                                                                                                                                                         |                8 |             32 |         4.00 |
|  design_1_i/clk_wiz_0/inst/clk_out1 | design_1_i/cv32e40p_obi_to_axi_0/inst/CORE/core_i/ex_stage_i/mult_i/FSM_sequential_mulh_CS_reg[1]_2[0]                                           | btn_reset_IBUF[0]                                                                                                                                                         |               16 |             32 |         2.00 |
|  design_1_i/clk_wiz_0/inst/clk_out1 | design_1_i/QSPI_Master_AXI4_Lite_0/inst/QSPI_FCR[0]                                                                                              | btn_reset_IBUF[0]                                                                                                                                                         |               10 |             32 |         3.20 |
|  design_1_i/clk_wiz_0/inst/clk_out1 | design_1_i/cv32e40p_obi_to_axi_0/inst/CORE/core_i/ex_stage_i/mult_i/branch_in_ex_o_reg_0[0]                                                      | btn_reset_IBUF[0]                                                                                                                                                         |               21 |             32 |         1.52 |
|  design_1_i/clk_wiz_0/inst/clk_out1 | design_1_i/cv32e40p_obi_to_axi_0/inst/CORE/core_i/ex_stage_i/regfile_waddr_lsu_reg[0]_0[0]                                                       | btn_reset_IBUF[0]                                                                                                                                                         |               14 |             32 |         2.29 |
|  design_1_i/clk_wiz_0/inst/clk_out1 | design_1_i/cv32e40p_obi_to_axi_0/inst/CORE/core_i/ex_stage_i/regfile_waddr_lsu_reg[0]_1[0]                                                       | btn_reset_IBUF[0]                                                                                                                                                         |               17 |             32 |         1.88 |
|  design_1_i/clk_wiz_0/inst/clk_out1 | design_1_i/cv32e40p_obi_to_axi_0/inst/CORE/core_i/ex_stage_i/regfile_waddr_lsu_reg[0]_10[0]                                                      | btn_reset_IBUF[0]                                                                                                                                                         |               16 |             32 |         2.00 |
|  design_1_i/clk_wiz_0/inst/clk_out1 | design_1_i/cv32e40p_obi_to_axi_0/inst/CORE/core_i/ex_stage_i/regfile_waddr_lsu_reg[0]_11[0]                                                      | btn_reset_IBUF[0]                                                                                                                                                         |               15 |             32 |         2.13 |
|  design_1_i/clk_wiz_0/inst/clk_out1 | design_1_i/cv32e40p_obi_to_axi_0/inst/CORE/core_i/ex_stage_i/regfile_waddr_lsu_reg[0]_12[0]                                                      | btn_reset_IBUF[0]                                                                                                                                                         |               17 |             32 |         1.88 |
|  design_1_i/clk_wiz_0/inst/clk_out1 | design_1_i/cv32e40p_obi_to_axi_0/inst/CORE/core_i/ex_stage_i/regfile_waddr_lsu_reg[0]_13[0]                                                      | btn_reset_IBUF[0]                                                                                                                                                         |               12 |             32 |         2.67 |
|  design_1_i/clk_wiz_0/inst/clk_out1 | design_1_i/cv32e40p_obi_to_axi_0/inst/CORE/core_i/ex_stage_i/regfile_waddr_lsu_reg[0]_14[0]                                                      | btn_reset_IBUF[0]                                                                                                                                                         |               17 |             32 |         1.88 |
|  design_1_i/clk_wiz_0/inst/clk_out1 | design_1_i/cv32e40p_obi_to_axi_0/inst/CORE/core_i/ex_stage_i/regfile_waddr_lsu_reg[0]_16[0]                                                      | btn_reset_IBUF[0]                                                                                                                                                         |               17 |             32 |         1.88 |
|  design_1_i/clk_wiz_0/inst/clk_out1 | design_1_i/cv32e40p_obi_to_axi_0/inst/CORE/core_i/ex_stage_i/regfile_waddr_lsu_reg[0]_15[0]                                                      | btn_reset_IBUF[0]                                                                                                                                                         |               20 |             32 |         1.60 |
|  design_1_i/clk_wiz_0/inst/clk_out1 | design_1_i/cv32e40p_obi_to_axi_0/inst/CORE/core_i/ex_stage_i/regfile_waddr_lsu_reg[0]_17[0]                                                      | btn_reset_IBUF[0]                                                                                                                                                         |               17 |             32 |         1.88 |
|  design_1_i/clk_wiz_0/inst/clk_out1 | design_1_i/cv32e40p_obi_to_axi_0/inst/CORE/core_i/ex_stage_i/regfile_we_lsu_reg_2[0]                                                             | btn_reset_IBUF[0]                                                                                                                                                         |               13 |             32 |         2.46 |
|  design_1_i/clk_wiz_0/inst/clk_out1 | design_1_i/cv32e40p_obi_to_axi_0/inst/CORE/core_i/ex_stage_i/regfile_waddr_lsu_reg[0]_5[0]                                                       | btn_reset_IBUF[0]                                                                                                                                                         |               18 |             32 |         1.78 |
|  design_1_i/clk_wiz_0/inst/clk_out1 | design_1_i/cv32e40p_obi_to_axi_0/inst/CORE/core_i/ex_stage_i/regfile_waddr_lsu_reg[1]_1[0]                                                       | btn_reset_IBUF[0]                                                                                                                                                         |               17 |             32 |         1.88 |
|  design_1_i/clk_wiz_0/inst/clk_out1 | design_1_i/cv32e40p_obi_to_axi_0/inst/CORE/core_i/ex_stage_i/regfile_waddr_lsu_reg[0]_7[0]                                                       | btn_reset_IBUF[0]                                                                                                                                                         |               17 |             32 |         1.88 |
|  design_1_i/clk_wiz_0/inst/clk_out1 | design_1_i/cv32e40p_obi_to_axi_0/inst/CORE/core_i/ex_stage_i/regfile_waddr_lsu_reg[1]_2[0]                                                       | btn_reset_IBUF[0]                                                                                                                                                         |               16 |             32 |         2.00 |
|  design_1_i/clk_wiz_0/inst/clk_out1 | design_1_i/cv32e40p_obi_to_axi_0/inst/CORE/core_i/ex_stage_i/regfile_we_lsu_reg_0[0]                                                             | btn_reset_IBUF[0]                                                                                                                                                         |               16 |             32 |         2.00 |
|  design_1_i/clk_wiz_0/inst/clk_out1 | design_1_i/cv32e40p_obi_to_axi_0/inst/CORE/core_i/ex_stage_i/regfile_waddr_lsu_reg[0]_18[0]                                                      | btn_reset_IBUF[0]                                                                                                                                                         |               18 |             32 |         1.78 |
|  design_1_i/clk_wiz_0/inst/clk_out1 | design_1_i/QSPI_Master_AXI4_Lite_0/inst/QSPI_DR[0]                                                                                               | btn_reset_IBUF[0]                                                                                                                                                         |                5 |             32 |         6.40 |
|  design_1_i/clk_wiz_0/inst/clk_out1 | design_1_i/cv32e40p_obi_to_axi_0/inst/CORE/core_i/ex_stage_i/regfile_waddr_lsu_reg[0]_4[0]                                                       | btn_reset_IBUF[0]                                                                                                                                                         |               17 |             32 |         1.88 |
|  design_1_i/clk_wiz_0/inst/clk_out1 | design_1_i/cv32e40p_obi_to_axi_0/inst/CORE/core_i/ex_stage_i/regfile_waddr_lsu_reg[1]_4[0]                                                       | btn_reset_IBUF[0]                                                                                                                                                         |               13 |             32 |         2.46 |
|  design_1_i/clk_wiz_0/inst/clk_out1 | design_1_i/cv32e40p_obi_to_axi_0/inst/CORE/core_i/ex_stage_i/regfile_waddr_lsu_reg[1]_5[0]                                                       | btn_reset_IBUF[0]                                                                                                                                                         |               15 |             32 |         2.13 |
|  design_1_i/clk_wiz_0/inst/clk_out1 | design_1_i/cv32e40p_obi_to_axi_0/inst/CORE/core_i/ex_stage_i/regfile_waddr_lsu_reg[0]_19[0]                                                      | btn_reset_IBUF[0]                                                                                                                                                         |               16 |             32 |         2.00 |
|  design_1_i/clk_wiz_0/inst/clk_out1 | design_1_i/cv32e40p_obi_to_axi_0/inst/CORE/core_i/ex_stage_i/regfile_waddr_lsu_reg[1]_3[0]                                                       | btn_reset_IBUF[0]                                                                                                                                                         |               15 |             32 |         2.13 |
|  design_1_i/clk_wiz_0/inst/clk_out1 | design_1_i/cv32e40p_obi_to_axi_0/inst/CORE/core_i/ex_stage_i/regfile_waddr_lsu_reg[0]_6[0]                                                       | btn_reset_IBUF[0]                                                                                                                                                         |               23 |             32 |         1.39 |
|  design_1_i/clk_wiz_0/inst/clk_out1 | design_1_i/cv32e40p_obi_to_axi_0/inst/CORE/core_i/ex_stage_i/regfile_waddr_lsu_reg[0]_8[0]                                                       | btn_reset_IBUF[0]                                                                                                                                                         |               17 |             32 |         1.88 |
|  design_1_i/clk_wiz_0/inst/clk_out1 | design_1_i/cv32e40p_obi_to_axi_0/inst/CORE/core_i/ex_stage_i/regfile_waddr_lsu_reg[1]_6[0]                                                       | btn_reset_IBUF[0]                                                                                                                                                         |               19 |             32 |         1.68 |
|  design_1_i/clk_wiz_0/inst/clk_out1 | design_1_i/cv32e40p_obi_to_axi_0/inst/CORE/core_i/ex_stage_i/regfile_waddr_lsu_reg[1]_7[0]                                                       | btn_reset_IBUF[0]                                                                                                                                                         |               17 |             32 |         1.88 |
|  design_1_i/clk_wiz_0/inst/clk_out1 | design_1_i/cv32e40p_obi_to_axi_0/inst/CORE/core_i/ex_stage_i/regfile_waddr_lsu_reg[0]_2[0]                                                       | btn_reset_IBUF[0]                                                                                                                                                         |               15 |             32 |         2.13 |
|  design_1_i/clk_wiz_0/inst/clk_out1 | design_1_i/cv32e40p_obi_to_axi_0/inst/CORE/core_i/ex_stage_i/regfile_we_lsu_reg_1[0]                                                             | btn_reset_IBUF[0]                                                                                                                                                         |               15 |             32 |         2.13 |
|  design_1_i/clk_wiz_0/inst/clk_out1 | design_1_i/cv32e40p_obi_to_axi_0/inst/CORE/core_i/ex_stage_i/regfile_waddr_lsu_reg[1]_0[0]                                                       | btn_reset_IBUF[0]                                                                                                                                                         |               17 |             32 |         1.88 |
|  design_1_i/clk_wiz_0/inst/clk_out1 | design_1_i/cv32e40p_obi_to_axi_0/inst/CORE/core_i/ex_stage_i/regfile_waddr_lsu_reg[0]_3[0]                                                       | btn_reset_IBUF[0]                                                                                                                                                         |               18 |             32 |         1.78 |
|  design_1_i/clk_wiz_0/inst/clk_out1 | design_1_i/cv32e40p_obi_to_axi_0/inst/CORE/core_i/id_stage_i/controller_i/alu_operand_b_ex_o_reg[0][0]                                           | btn_reset_IBUF[0]                                                                                                                                                         |               10 |             32 |         3.20 |
|  design_1_i/clk_wiz_0/inst/clk_out1 | design_1_i/QSPI_Master_AXI4_Lite_0/inst/QSPI_ADR[0]                                                                                              | btn_reset_IBUF[0]                                                                                                                                                         |               10 |             32 |         3.20 |
|  design_1_i/clk_wiz_0/inst/clk_out1 | design_1_i/QSPI_Master_AXI4_Lite_0/inst/fifo_tx_wdata[31]_i_1_n_0                                                                                |                                                                                                                                                                           |                5 |             32 |         6.40 |
|  design_1_i/clk_wiz_0/inst/clk_out1 | design_1_i/cv32e40p_obi_to_axi_0/inst/CORE/core_i/id_stage_i/controller_i/prepost_useincr_ex_o_reg[0]                                            | btn_reset_IBUF[0]                                                                                                                                                         |               17 |             32 |         1.88 |
|  design_1_i/clk_wiz_0/inst/clk_out1 | design_1_i/QSPI_Master_AXI4_Lite_0/inst/fifo_rx_wdata[31]_i_1_n_0                                                                                |                                                                                                                                                                           |                6 |             32 |         5.33 |
|  design_1_i/clk_wiz_0/inst/clk_out1 | design_1_i/cv32e40p_obi_to_axi_0/inst/CORE/core_i/ex_stage_i/alu_i/alu_div_i/ARegEn_S                                                            | btn_reset_IBUF[0]                                                                                                                                                         |                8 |             32 |         4.00 |
|  design_1_i/clk_wiz_0/inst/clk_out1 | design_1_i/cv32e40p_obi_to_axi_0/inst/CORE/core_i/ex_stage_i/regfile_waddr_lsu_reg[0]_9[0]                                                       | btn_reset_IBUF[0]                                                                                                                                                         |               22 |             32 |         1.45 |
|  design_1_i/clk_wiz_0/inst/clk_out1 | design_1_i/cv32e40p_obi_to_axi_0/inst/CORE/core_i/id_stage_i/alu_operand_b_ex_o_reg[11]_0[0]                                                     | btn_reset_IBUF[0]                                                                                                                                                         |               15 |             32 |         2.13 |
|  design_1_i/clk_wiz_0/inst/clk_out1 | design_1_i/cv32e40p_obi_to_axi_0/inst/CORE/core_i/id_stage_i/alu_operand_b_ex_o_reg[0]_1[0]                                                      | btn_reset_IBUF[0]                                                                                                                                                         |               19 |             32 |         1.68 |
|  design_1_i/clk_wiz_0/inst/clk_out1 | design_1_i/Timer_module_1/inst/TIM_PRE_m_0[0]                                                                                                    | btn_reset_IBUF[0]                                                                                                                                                         |               12 |             32 |         2.67 |
|  design_1_i/clk_wiz_0/inst/clk_out1 | design_1_i/Timer_module_1/inst/TIM_MOD[0]                                                                                                        | btn_reset_IBUF[0]                                                                                                                                                         |               14 |             32 |         2.29 |
|  design_1_i/clk_wiz_0/inst/clk_out1 | design_1_i/cv32e40p_obi_to_axi_0/inst/CORE/core_i/id_stage_i/csr_op_ex_o_reg[1]_1[0]                                                             | btn_reset_IBUF[0]                                                                                                                                                         |               15 |             32 |         2.13 |
|  design_1_i/clk_wiz_0/inst/clk_out1 | design_1_i/cv32e40p_obi_to_axi_0/inst/CORE/core_i/id_stage_i/csr_op_ex_o_reg[1]_1[1]                                                             | btn_reset_IBUF[0]                                                                                                                                                         |               10 |             32 |         3.20 |
|  design_1_i/clk_wiz_0/inst/clk_out1 | design_1_i/cv32e40p_obi_to_axi_0/inst/CORE/core_i/id_stage_i/csr_op_ex_o_reg[1]_2[0]                                                             | btn_reset_IBUF[0]                                                                                                                                                         |               18 |             32 |         1.78 |
|  design_1_i/clk_wiz_0/inst/clk_out1 | design_1_i/Timer_module_1/inst/TIM_ENA[0]                                                                                                        | btn_reset_IBUF[0]                                                                                                                                                         |               19 |             32 |         1.68 |
|  design_1_i/clk_wiz_0/inst/clk_out1 | design_1_i/cv32e40p_obi_to_axi_0/inst/data_bridge/i_fifo_rsp_mux/data_we_q_reg[0]                                                                | btn_reset_IBUF[0]                                                                                                                                                         |               21 |             32 |         1.52 |
|  design_1_i/clk_wiz_0/inst/clk_out1 | design_1_i/QSPI_Master_AXI4_Lite_0/inst/fifo_rx_wr_en                                                                                            |                                                                                                                                                                           |               11 |             44 |         4.00 |
|  design_1_i/clk_wiz_0/inst/clk_out1 | design_1_i/QSPI_Master_AXI4_Lite_0/inst/fifo_tx_wr_en                                                                                            |                                                                                                                                                                           |               11 |             44 |         4.00 |
|  design_1_i/clk_wiz_0/inst/clk_out1 | design_1_i/cv32e40p_obi_to_axi_0/inst/CORE/core_i/ex_stage_i/alu_i/alu_div_i/BReg_DP[31]_i_1_n_0                                                 | btn_reset_IBUF[0]                                                                                                                                                         |               30 |             64 |         2.13 |
|  design_1_i/clk_wiz_0/inst/clk_out1 | design_1_i/cv32e40p_obi_to_axi_0/inst/CORE/core_i/ex_stage_i/mult_i/FSM_sequential_mulh_CS_reg[1]_3[0]                                           | btn_reset_IBUF[0]                                                                                                                                                         |               32 |             66 |         2.06 |
|  design_1_i/clk_wiz_0/inst/clk_out1 | design_1_i/cv32e40p_obi_to_axi_0/inst/CORE/core_i/if_stage_i/aligner_i/instr_valid_id_o0                                                         | btn_reset_IBUF[0]                                                                                                                                                         |               39 |             72 |         1.85 |
|  design_1_i/clk_wiz_0/inst/clk_out1 |                                                                                                                                                  |                                                                                                                                                                           |               75 |            157 |         2.09 |
|  design_1_i/clk_wiz_0/inst/clk_out1 |                                                                                                                                                  | btn_reset_IBUF[0]                                                                                                                                                         |              161 |            302 |         1.88 |
+-------------------------------------+--------------------------------------------------------------------------------------------------------------------------------------------------+---------------------------------------------------------------------------------------------------------------------------------------------------------------------------+------------------+----------------+--------------+


